npx hardhat verify --network base 0x74cCDFcff6CbE68ecD1eb21a23243D217601F4C0 
npx hardhat verify --network base 0x66760142A04dD137676dD7DFF1E06EAd48214AFC "0x74cCDFcff6CbE68ecD1eb21a23243D217601F4C0"
npx hardhat verify --network base 0xf925098c0fb905D7256a61FfA388940f8E8Be853 "0x74cCDFcff6CbE68ecD1eb21a23243D217601F4C0" "0x66760142A04dD137676dD7DFF1E06EAd48214AFC" "0x4200000000000000000000000000000000000006"
npx hardhat verify --network base 0x369142AE7cF885621eb4A1B9F08D9D91012b5b0d 
npx hardhat verify --network base 0x897Cc73723966a0648E99281986eeff71313E95F 
npx hardhat verify --network base 0x8e24FA6f618Bd690E5C2F52FFa0645FfF8f44B8E "0x74cCDFcff6CbE68ecD1eb21a23243D217601F4C0"
npx hardhat verify --network base 0x1379acfCD7e4AD52A06560F694DCeB5D442EBe1A "0x74cCDFcff6CbE68ecD1eb21a23243D217601F4C0" "0x66760142A04dD137676dD7DFF1E06EAd48214AFC" "0x897Cc73723966a0648E99281986eeff71313E95F" "0x8e24FA6f618Bd690E5C2F52FFa0645FfF8f44B8E" "900"
npx hardhat verify --network base 0x243a75008e201ac366510f6ADEEEa5507bee4727 
npx hardhat verify --network base 0x7463999aFcdf6e7c3D0A39DC668aFDDC66a4f7F9 "0x74cCDFcff6CbE68ecD1eb21a23243D217601F4C0"
npx hardhat verify --network base 0x9Aee9917A0E7D6fCe32751D7F93e9fB1658dD16D 
npx hardhat verify --network base 0x15ac0392fd77EF200bbb5F4a29008Fc0baAaa060 
npx hardhat verify --network base 0x681e4284DaD7Ac26D9a9e32dfed4dc1b9B231580 
npx hardhat verify --network base 0x85915c347a40C7684489af836f5E749Ab7e71b38 
npx hardhat verify --network base 0xCf67dd61bA0B6f6E85aFa3D7A9F4550c2FF0AD94 "0x74cCDFcff6CbE68ecD1eb21a23243D217601F4C0" "0xf925098c0fb905D7256a61FfA388940f8E8Be853" "0x4200000000000000000000000000000000000006" "0x8e24FA6f618Bd690E5C2F52FFa0645FfF8f44B8E" "30" "10000000000000000"
npx hardhat verify --network base 0x6f0c6F4d351bd1df124ED1f6442D1ca2faB2f49a 
npx hardhat verify --network base 0x1aC4d5F83ef11bEA355bAad28AfeA0EF50250aaC "300" "3600" "1" "250" "0x6f0c6F4d351bd1df124ED1f6442D1ca2faB2f49a" "0xcb5A899FfcB0049BDeF4205694DCCCE29cbFf21F"
npx hardhat verify --network base 0x8475Fbe5BcCF02c66c386dD8AAf251005e4b0cC8 "0x74cCDFcff6CbE68ecD1eb21a23243D217601F4C0" "0xf925098c0fb905D7256a61FfA388940f8E8Be853" "0x8e24FA6f618Bd690E5C2F52FFa0645FfF8f44B8E" "0x4200000000000000000000000000000000000006" "30" "0x9Aee9917A0E7D6fCe32751D7F93e9fB1658dD16D"
npx hardhat verify --network base 0x43Ba508844BAB522Fe17d3a063316C52f57463e8 "0x74cCDFcff6CbE68ecD1eb21a23243D217601F4C0" "0x9Aee9917A0E7D6fCe32751D7F93e9fB1658dD16D"
npx hardhat verify --network base 0xf8B108D0765b6Da8B217eb3495bbE784BA249947 
npx hardhat verify --network base 0x3D55cc23d4855c7EB9429577F5aAD417376021E2 
npx hardhat verify --network base 0xD33A13c661d1614f41d1FDB8Cc3C68a58a443B7A 
npx hardhat verify --network base 0x24B63ae170152FcCF6a11Cd77ffa2D7F04ed999D 
npx hardhat verify --network base 0x2DF1E0dBEC080a3Db97a19Cf955b9589EE511cfd 
npx hardhat verify --network base 0xcE3929B081c1924c936dE2AB47E7e093F985f266 "Bonus EDDX" "bnEDDX" "0"
npx hardhat verify --network base 0x6b6452BDcb802FAD0AF751E0b39b44B62Dc5DAE6 "Staked EDDX" "sEDDX"
npx hardhat verify --network base 0x6826Aad0597760624D5E69C918a2703c1637DbAA "0x2DF1E0dBEC080a3Db97a19Cf955b9589EE511cfd" "0x6b6452BDcb802FAD0AF751E0b39b44B62Dc5DAE6"
npx hardhat verify --network base 0xb7D4fC3aea728bE1417412953f6CeC34714758FF "Staked + Bonus EDDX" "sbEDDX"
npx hardhat verify --network base 0x30ceEcBAcD2f1297fF117acAEA4296A768d9F2f3 "0xcE3929B081c1924c936dE2AB47E7e093F985f266" "0xb7D4fC3aea728bE1417412953f6CeC34714758FF"
npx hardhat verify --network base 0xBbC8a48fed0e6996f16C24ebb575218D307ead2c "Staked + Bonus + Fee EDDX" "sbfEDDX"
npx hardhat verify --network base 0xbbaADd3af52A44dB8A4374DcCCE6Bf2FF03d29B5 "0x4200000000000000000000000000000000000006" "0xBbC8a48fed0e6996f16C24ebb575218D307ead2c"
npx hardhat verify --network base 0xb6a113eCCBa6FEb6169E78CB8209872e50dE2254 "Fee ELP" "fELP"
npx hardhat verify --network base 0xB6f2074f7aE35c37908A307AEFb58dE838e1a8b3 "0x4200000000000000000000000000000000000006" "0xb6a113eCCBa6FEb6169E78CB8209872e50dE2254"
npx hardhat verify --network base 0xfB25503367B83D2b430CD3eC7e4FE36052a86e04 "Fee + Staked ELP" "fsELP"
npx hardhat verify --network base 0x87bF8c96086aafCe20182c48333473fF3365b65e "0x2DF1E0dBEC080a3Db97a19Cf955b9589EE511cfd" "0xfB25503367B83D2b430CD3eC7e4FE36052a86e04"
npx hardhat verify --network base 0xd5e07128FEF467A8421cfaF7e505927e140ef510 "Vested EDDX" "vEDDX" "0x2DF1E0dBEC080a3Db97a19Cf955b9589EE511cfd" "0xBbC8a48fed0e6996f16C24ebb575218D307ead2c" "0x24B63ae170152FcCF6a11Cd77ffa2D7F04ed999D" "0x6b6452BDcb802FAD0AF751E0b39b44B62Dc5DAE6"
npx hardhat verify --network base 0x05b1c016f51d3B33B0F0Ffc1E0B6693097cF3371 "Vested ELP" "vELP" "0x2DF1E0dBEC080a3Db97a19Cf955b9589EE511cfd" "0xfB25503367B83D2b430CD3eC7e4FE36052a86e04" "0x24B63ae170152FcCF6a11Cd77ffa2D7F04ed999D" "0xfB25503367B83D2b430CD3eC7e4FE36052a86e04"
npx hardhat verify --network base 0x872fd8632A2584348cd5D0fDaBfEfCf2aEaCE9cc 
npx hardhat verify --network base 0xCe601c23892BCf3A883C1915B940C4297d9Ace8c 
npx hardhat verify --network base 0xD785d3381e18b5C1DD6eC6F73F2A5c7851F4752c 
npx hardhat verify --network base 0x24F93268685Dd7505f5AE5ADE05899C233F05201 
npx hardhat verify --network base 0xC483851b72f5F0AfD1CC1AF807105Bc818f0072f "0xcb5A899FfcB0049BDeF4205694DCCCE29cbFf21F" "86400" "0xcb5A899FfcB0049BDeF4205694DCCCE29cbFf21F" "0xcb5A899FfcB0049BDeF4205694DCCCE29cbFf21F" "0x1379acfCD7e4AD52A06560F694DCeB5D442EBe1A" "0x872fd8632A2584348cd5D0fDaBfEfCf2aEaCE9cc" "500000000000000000000000000" "10" "500"
