Deploying Vault 0xfD22f2b0975Ff9219a635cF84F3Fd154AB78af9B
... Completed!
Deploying USDG 0xE86eb84A9E5CF3D1118Bd67256962e272B033bb7 "0xfD22f2b0975Ff9219a635cF84F3Fd154AB78af9B"
... Completed!
Deploying Router 0x9dC1fE10842B517383Ed61cF35cC8553b0C4a3B2 "0xfD22f2b0975Ff9219a635cF84F3Fd154AB78af9B" "0xE86eb84A9E5CF3D1118Bd67256962e272B033bb7" "0x4200000000000000000000000000000000000006"
... Completed!
Deploying VaultPriceFeed 0xF3018828AC3D8d393936d3eF5dd9A0df6177868e
... Completed!
Sending vaultPriceFeed.setMaxStrictPriceDeviation...
... Sent! 0xbbc38aa706c164c2da52ae727b3db02a2a85c7b0b9315a6dfc51934d534c96e2
Sending vaultPriceFeed.setPriceSampleSpace...
... Sent! 0xa8d341941d56fd3ed7001d03fded78ea04c94747f78be75c01b88962d21c7128
Sending vaultPriceFeed.setIsAmmEnabled...
... Sent! 0x3b42a270235dbafe5d52eb5f29dcdb01f5e34ce73fae21f152576443d46a0054
Deploying GLP 0xBDef5112499384108f054FcB20f96A725dC64edf
... Completed!
Sending glp.setInPrivateTransferMode...
... Sent! 0x2d696ed811d51c3e6bd06ede7628424dd12790d399a0089cb3c24a7f31396e51
Deploying ShortsTracker:ShortsTracker 0x6305f6430bCabd340C5eE655EDf7d9bc6074Ae59 "0xfD22f2b0975Ff9219a635cF84F3Fd154AB78af9B"
... Completed!
Deploying GlpManager 0xE76eEc5A8561Bf5fc01c5e4946F66aE5e2f07CF5 "0xfD22f2b0975Ff9219a635cF84F3Fd154AB78af9B" "0xE86eb84A9E5CF3D1118Bd67256962e272B033bb7" "0xBDef5112499384108f054FcB20f96A725dC64edf" "0x6305f6430bCabd340C5eE655EDf7d9bc6074Ae59" "900"
... Completed!
Sending glpManager.setInPrivateMode...
... Sent! 0xd3fff50223c28cbd7392a903386a52323acd4e590c8200a8ddfd63abce3a13b3
Sending glp.setMinter...
... Sent! 0x6c61117c5b2f8b798f436b7adc0e14cdf85b6991de95ed92da28299a024c879b
Sending usdg.addVault(glpManager)...
... Sent! 0x5a1adf7b2a2914037c7da9e995345f1f435f9b447aa13b870974cf7adf1dbeb2
Sending vault.initialize...
... Sent! 0x16d31ebdbfb67d423ce51fb46dcc8abc2db17a992b69899a13dacde47a694fdf
Sending vault.setFundingRate...
... Sent! 0xd4f7c366a75ff204eb92c2cf2c3e45917b9e70fa853ad2fed069b837e5641796
Sending vault.setInManagerMode...
... Sent! 0xcbd5193c03a744eef929daa7b639a8c25680eeac9baf5d68c5d9b709155454f6
Sending vault.setManager...
... Sent! 0xd88e6a51f1d97e8f160b0a360f1404cec13a8d2ede69585c1e19f81a991fcb61
Sending vault.setFees...
... Sent! 0xf09ceb473dbf769a5e6797071b0d7170ee7e4a3215a8df61d63c7c3090d6ec5a
Deploying VaultErrorController 0xF2EDafabB205C4Cc81Bcb0Da6D745bb2281a1f67
... Completed!
Sending vault.setErrorController...
... Sent! 0x647af63a37ea2f334cfed417328d98d21d54f385e1f0fb88c80dc498a7d67de6
Sending vaultErrorController.setErrors...
... Sent! 0xc06c32051cb502d0d5428e89abd3dd011c23c6ef7f606df15637cce6553fa927
Deploying VaultUtils 0x0F43536c062649BD9AB69fE6320cEe8aC753c490 "0xfD22f2b0975Ff9219a635cF84F3Fd154AB78af9B"
... Completed!
Sending vault.setVaultUtils...
... Sent! 0x9a3bdd628dc81f365d65d24cd23c0e5e3cef91d1cadc9233c8682a939c07111b
